Build started 2012-02-18 02:07:53.
     1>Project "D:\Repozytoria\hellground\dep\recastnavigation\Detour\win\VC100\Detour.vcxproj" on node 2 (build target(s)).
     1>PrepareForBuild:
         Creating directory "D:\Repozytoria\hellground\dep\recastnavigation\Detour\win\VC100\\..\..\..\..\lib\Win32_Debug\".
       InitializeBuildStatus:
         Creating ".\Detour__Win32_Debug\Detour.unsuccessfulbuild" because "AlwaysCreate" was specified.
       ClCompile:
         C:\Program Files (x86)\Microsoft Visual Studio 10.0\VC\bin\CL.exe /c /I..\..\include /ZI /nologo /W3 /WX- /Od /Oy- /D WIN32 /D DEBUG /D _MBCS /D _MBCS /Gm /EHsc /RTC1 /MDd /GS /fp:precise /Zc:wchar_t /Zc:forScope /Fo".\Detour__Win32_Debug\\" /Fd".\Detour__Win32_Debug\vc100.pdb" /Gd /TP /analyze- /errorReport:prompt ..\..\Source\DetourAlloc.cpp ..\..\Source\DetourCommon.cpp ..\..\Source\DetourNavMesh.cpp ..\..\Source\DetourNavMeshBuilder.cpp ..\..\Source\DetourNavMeshQuery.cpp ..\..\Source\DetourNode.cpp
         DetourNode.cpp
         DetourNavMeshQuery.cpp
         DetourNavMeshBuilder.cpp
         DetourNavMesh.cpp
         DetourCommon.cpp
         DetourAlloc.cpp
         Generating Code...
       Lib:
         C:\Program Files (x86)\Microsoft Visual Studio 10.0\VC\bin\Lib.exe /OUT:"D:\Repozytoria\hellground\dep\recastnavigation\Detour\win\VC100\\..\..\..\..\lib\Win32_Debug\Detour.lib" /NOLOGO .\Detour__Win32_Debug\DetourAlloc.obj
         .\Detour__Win32_Debug\DetourCommon.obj
         .\Detour__Win32_Debug\DetourNavMesh.obj
         .\Detour__Win32_Debug\DetourNavMeshBuilder.obj
         .\Detour__Win32_Debug\DetourNavMeshQuery.obj
         .\Detour__Win32_Debug\DetourNode.obj
         Detour.vcxproj -> D:\Repozytoria\hellground\dep\recastnavigation\Detour\win\VC100\\..\..\..\..\lib\Win32_Debug\Detour.lib
       FinalizeBuildStatus:
         Deleting file ".\Detour__Win32_Debug\Detour.unsuccessfulbuild".
         Touching ".\Detour__Win32_Debug\Detour.lastbuildstate".
     1>Done Building Project "D:\Repozytoria\hellground\dep\recastnavigation\Detour\win\VC100\Detour.vcxproj" (build target(s)).

Build succeeded.

Time Elapsed 00:00:03.26
